<?xml version="1.0" encoding="UTF-8"?>
<!-- Generated by org.testng.reporters.JUnitReportReporter -->
<testsuite hostname="MAA125CG0164H65" failures="0" tests="1" name="TestCases.LoginTestCase" time="8.998" errors="0" timestamp="2022-01-02T21:54:56 IST" skipped="0">
  <testcase classname="TestCases.LoginTestCase" name="loginTest" time="8.998"/>
  <system-out/>
</testsuite> <!-- TestCases.LoginTestCase -->
