<?xml version="1.0" encoding="UTF-8"?>
<!-- Generated by org.testng.reporters.JUnitReportReporter -->
<testsuite hostname="MAA125CG0164H65" failures="0" tests="1" name="TestCases.FBpageTestCase" time="10.391" errors="0" timestamp="2022-01-02T17:53:42 IST" skipped="0">
  <testcase classname="TestCases.FBpageTestCase" name="FBpage" time="10.391"/>
  <system-out/>
</testsuite> <!-- TestCases.FBpageTestCase -->
